app/build/intermediates/manifest_merge_blame_file/debug/manifest-merger-blame-debug-report.txt
1<?xml version="1.0" encoding="utf-8"?>
2<manifest xmlns:android="http://schemas.android.com/apk/res/android"
3    package="com.example.cardgame"
4    android:versionCode="1"
5    android:versionName="1.0" >
6
7    <uses-sdk
8        android:minSdkVersion="29"
8-->src/main/AndroidManifest.xml
9        android:targetSdkVersion="31" />
9-->src/main/AndroidManifest.xml
10
11    <!-- Permission will be merged into the manifest of the hosting app. -->
12    <!-- Is required to launch foreground extraction service for targetSdkVersion 28+. -->
13    <uses-permission android:name="android.permission.FOREGROUND_SERVICE" />
13-->[com.google.android.play:core:1.10.3] AndroidManifest.xml:13:5-77
13-->[com.google.android.play:core:1.10.3] AndroidManifest.xml:13:22-74
14
15    <application
15-->src/main/AndroidManifest.xml:5:5-31:19
16        android:allowBackup="true"
16-->src/main/AndroidManifest.xml:6:9-35
17        android:appComponentFactory="androidx.core.app.CoreComponentFactory"
17-->[androidx.core:core:1.8.0] AndroidManifest.xml:24:18-86
18        android:debuggable="true"
19        android:extractNativeLibs="false"
20        android:icon="@mipmap/ic_launcher"
20-->src/main/AndroidManifest.xml:7:9-43
21        android:label="@string/app_name"
21-->src/main/AndroidManifest.xml:8:9-41
22        android:roundIcon="@mipmap/ic_launcher_round"
22-->src/main/AndroidManifest.xml:9:9-54
23        android:supportsRtl="true"
23-->src/main/AndroidManifest.xml:10:9-35
24        android:testOnly="true"
25        android:theme="@style/Theme.CardGame" >
25-->src/main/AndroidManifest.xml:11:9-46
26        <activity
26-->src/main/AndroidManifest.xml:12:9-20:20
27            android:name="com.example.cardgame.MainActivity"
27-->src/main/AndroidManifest.xml:13:13-41
28            android:exported="true" >
28-->src/main/AndroidManifest.xml:14:13-36
29            <intent-filter>
29-->src/main/AndroidManifest.xml:15:13-19:29
30                <action android:name="android.intent.action.MAIN" />
30-->src/main/AndroidManifest.xml:16:17-69
30-->src/main/AndroidManifest.xml:16:25-66
31
32                <category android:name="android.intent.category.LAUNCHER" />
32-->src/main/AndroidManifest.xml:18:17-77
32-->src/main/AndroidManifest.xml:18:27-74
33            </intent-filter>
34        </activity>
35        <!-- InputActivity -->
36        <activity
36-->src/main/AndroidManifest.xml:22:9-30:20
37            android:name="com.example.cardgame.InputActivity"
37-->src/main/AndroidManifest.xml:23:13-42
38            android:exported="true" >
38-->src/main/AndroidManifest.xml:24:13-36
39            <intent-filter>
39-->src/main/AndroidManifest.xml:25:13-29:29
40                <action android:name="android.intent.action.INPUT" />
40-->src/main/AndroidManifest.xml:26:17-70
40-->src/main/AndroidManifest.xml:26:25-67
41
42                <category android:name="android.intent.category.LAUNCHER" />
42-->src/main/AndroidManifest.xml:18:17-77
42-->src/main/AndroidManifest.xml:18:27-74
43            </intent-filter>
44        </activity>
45
46        <provider
46-->[androidx.emoji2:emoji2:1.0.0] AndroidManifest.xml:26:9-34:20
47            android:name="androidx.startup.InitializationProvider"
47-->[androidx.emoji2:emoji2:1.0.0] AndroidManifest.xml:27:13-67
48            android:authorities="com.example.cardgame.androidx-startup"
48-->[androidx.emoji2:emoji2:1.0.0] AndroidManifest.xml:28:13-68
49            android:exported="false" >
49-->[androidx.emoji2:emoji2:1.0.0] AndroidManifest.xml:29:13-37
50            <meta-data
50-->[androidx.emoji2:emoji2:1.0.0] AndroidManifest.xml:31:13-33:52
51                android:name="androidx.emoji2.text.EmojiCompatInitializer"
51-->[androidx.emoji2:emoji2:1.0.0] AndroidManifest.xml:32:17-75
52                android:value="androidx.startup" />
52-->[androidx.emoji2:emoji2:1.0.0] AndroidManifest.xml:33:17-49
53            <meta-data
53-->[androidx.lifecycle:lifecycle-process:2.4.0] AndroidManifest.xml:31:13-33:52
54                android:name="androidx.lifecycle.ProcessLifecycleInitializer"
54-->[androidx.lifecycle:lifecycle-process:2.4.0] AndroidManifest.xml:32:17-78
55                android:value="androidx.startup" />
55-->[androidx.lifecycle:lifecycle-process:2.4.0] AndroidManifest.xml:33:17-49
56        </provider>
57
58        <uses-library
58-->[androidx.window:window:1.0.0] AndroidManifest.xml:25:9-27:40
59            android:name="androidx.window.extensions"
59-->[androidx.window:window:1.0.0] AndroidManifest.xml:26:13-54
60            android:required="false" />
60-->[androidx.window:window:1.0.0] AndroidManifest.xml:27:13-37
61        <uses-library
61-->[androidx.window:window:1.0.0] AndroidManifest.xml:28:9-30:40
62            android:name="androidx.window.sidecar"
62-->[androidx.window:window:1.0.0] AndroidManifest.xml:29:13-51
63            android:required="false" /> <!-- The activities will be merged into the manifest of the hosting app. -->
63-->[androidx.window:window:1.0.0] AndroidManifest.xml:30:13-37
64        <activity
64-->[com.google.android.play:core:1.10.3] AndroidManifest.xml:18:9-24:45
65            android:name="com.google.android.play.core.missingsplits.PlayCoreMissingSplitsActivity"
65-->[com.google.android.play:core:1.10.3] AndroidManifest.xml:19:13-100
66            android:enabled="false"
66-->[com.google.android.play:core:1.10.3] AndroidManifest.xml:20:13-36
67            android:exported="false"
67-->[com.google.android.play:core:1.10.3] AndroidManifest.xml:21:13-37
68            android:launchMode="singleInstance"
68-->[com.google.android.play:core:1.10.3] AndroidManifest.xml:22:13-48
69            android:process=":playcore_missing_splits_activity"
69-->[com.google.android.play:core:1.10.3] AndroidManifest.xml:23:13-64
70            android:stateNotNeeded="true" />
70-->[com.google.android.play:core:1.10.3] AndroidManifest.xml:24:13-42
71        <activity
71-->[com.google.android.play:core:1.10.3] AndroidManifest.xml:25:9-29:65
72            android:name="com.google.android.play.core.common.PlayCoreDialogWrapperActivity"
72-->[com.google.android.play:core:1.10.3] AndroidManifest.xml:26:13-93
73            android:exported="false"
73-->[com.google.android.play:core:1.10.3] AndroidManifest.xml:27:13-37
74            android:stateNotNeeded="true"
74-->[com.google.android.play:core:1.10.3] AndroidManifest.xml:28:13-42
75            android:theme="@style/Theme.PlayCore.Transparent" /> <!-- The services will be merged into the manifest of the hosting app. -->
75-->[com.google.android.play:core:1.10.3] AndroidManifest.xml:29:13-62
76        <service
76-->[com.google.android.play:core:1.10.3] AndroidManifest.xml:32:9-39:19
77            android:name="com.google.android.play.core.assetpacks.AssetPackExtractionService"
77-->[com.google.android.play:core:1.10.3] AndroidManifest.xml:33:13-94
78            android:enabled="false"
78-->[com.google.android.play:core:1.10.3] AndroidManifest.xml:34:13-36
79            android:exported="true" >
79-->[com.google.android.play:core:1.10.3] AndroidManifest.xml:35:13-36
80            <meta-data
80-->[com.google.android.play:core:1.10.3] AndroidManifest.xml:36:13-38:41
81                android:name="com.google.android.play.core.assetpacks.versionCode"
81-->[com.google.android.play:core:1.10.3] AndroidManifest.xml:37:17-83
82                android:value="11003" />
82-->[com.google.android.play:core:1.10.3] AndroidManifest.xml:38:17-38
83        </service>
84        <service
84-->[com.google.android.play:core:1.10.3] AndroidManifest.xml:40:9-43:40
85            android:name="com.google.android.play.core.assetpacks.ExtractionForegroundService"
85-->[com.google.android.play:core:1.10.3] AndroidManifest.xml:41:13-95
86            android:enabled="false"
86-->[com.google.android.play:core:1.10.3] AndroidManifest.xml:42:13-36
87            android:exported="false" />
87-->[com.google.android.play:core:1.10.3] AndroidManifest.xml:43:13-37
88    </application>
89
90</manifest>